c:\users\mural\documents\u0992670\tags\final project\engine\debug\engine.pdb
c:\users\mural\documents\u0992670\tags\final project\engine\debug\engine.idb
c:\users\mural\documents\u0992670\tags\final project\engine\debug\fileprocessdatatoactor.obj
c:\users\mural\documents\u0992670\tags\final project\engine\debug\fileprocessor.obj
c:\users\mural\documents\u0992670\tags\final project\engine\debug\fileread.obj
c:\users\mural\documents\u0992670\tags\final project\engine\debug\fixedsizeallocator.obj
c:\users\mural\documents\u0992670\tags\final project\engine\debug\gameobject.obj
c:\users\mural\documents\u0992670\tags\final project\engine\debug\hashstring.obj
c:\users\mural\documents\u0992670\tags\final project\engine\debug\heapmanager.obj
c:\users\mural\documents\u0992670\tags\final project\engine\debug\lauhandler.obj
c:\users\mural\documents\u0992670\tags\final project\engine\debug\matrix4.obj
c:\users\mural\documents\u0992670\tags\final project\engine\debug\matrix4.sse.obj
c:\users\mural\documents\u0992670\tags\final project\engine\debug\messagesystem.obj
c:\users\mural\documents\u0992670\tags\final project\engine\debug\mutexlockinline.obj
c:\users\mural\documents\u0992670\tags\final project\engine\debug\physics.obj
c:\users\mural\documents\u0992670\tags\final project\engine\debug\player2controller.obj
c:\users\mural\documents\u0992670\tags\final project\engine\debug\playercontroller.obj
c:\users\mural\documents\u0992670\tags\final project\engine\debug\collisionanalyser.obj
c:\users\mural\documents\u0992670\tags\final project\engine\debug\serializer.obj
c:\users\mural\documents\u0992670\tags\final project\engine\debug\spriterenderer.obj
c:\users\mural\documents\u0992670\tags\final project\engine\debug\vector.obj
c:\users\mural\documents\u0992670\tags\final project\engine\debug\vector4.obj
c:\users\mural\documents\u0992670\tags\final project\engine\debug\actor.obj
c:\users\mural\documents\u0992670\tags\final project\engine\debug\actorini.obj
c:\users\mural\documents\u0992670\tags\final project\engine\debug\allocators.obj
c:\users\mural\documents\u0992670\tags\final project\engine\debug\assert.win32.obj
c:\users\mural\documents\u0992670\tags\final project\engine\debug\collisioncheck.obj
c:\users\mural\documents\u0992670\tags\final project\engine\debug\consoleprint.win32.obj
c:\users\mural\documents\u0992670\tags\final project\engine\debug\engine.obj
c:\users\mural\documents\u0992670\tags\final project\monsterchase\debug\engine.lib
c:\users\mural\documents\u0992670\tags\final project\monsterchase\debug\engine.pdb
c:\users\mural\documents\u0992670\tags\final project\engine\debug\engine.tlog\cl.command.1.tlog
c:\users\mural\documents\u0992670\tags\final project\engine\debug\engine.tlog\cl.read.1.tlog
c:\users\mural\documents\u0992670\tags\final project\engine\debug\engine.tlog\cl.write.1.tlog
c:\users\mural\documents\u0992670\tags\final project\engine\debug\engine.tlog\lib-link.read.1.tlog
c:\users\mural\documents\u0992670\tags\final project\engine\debug\engine.tlog\lib-link.write.1.tlog
c:\users\mural\documents\u0992670\tags\final project\engine\debug\engine.tlog\lib.command.1.tlog
